<?xml version="1.0" encoding="UTF-8"?>
<!-- Generated by org.testng.reporters.JUnitXMLReporter -->
<testsuite ignored="0" hostname="DESKTOP-6CE6M82" failures="0" tests="7" name="App open functionality" time="32.704" errors="0" timestamp="2024-07-20T13:01:23 IST">
  <testcase classname="automation.LandingPageTests" name="SwipeleftToHierarchyPage" time="1.811"/>
  <testcase classname="automation.LandingPageTests" name="app_open" time="5.074"/>
  <testcase classname="automation.LandingPageTests" name="checkBackgroundImage" time="0.09"/>
  <testcase classname="automation.LandingPageTests" name="checkHiearchy_page_content" time="0.08"/>
  <testcase classname="automation.LandingPageTests" name="hierarchy_tab" time="0.058"/>
  <testcase classname="automation.LandingPageTests" name="nextButton_clickableOrNot" time="4.047"/>
  <testcase classname="automation.LandingPageTests" name="skip_button_click_test" time="4.197"/>
</testsuite> <!-- App open functionality -->
