<?xml version="1.0" encoding="UTF-8"?>
<!-- Generated by org.testng.reporters.JUnitXMLReporter -->
<testsuite ignored="0" hostname="DESKTOP-6CE6M82" failures="0" tests="8" name="Landing page multiple role page tests" time="29.313" errors="0" timestamp="2024-07-26T19:13:21 IST">
  <testcase classname="automation.LandingPageMultipleModules" name="app_open" time="5.162"/>
  <testcase classname="automation.LandingPageMultipleModules" name="click_next_button" time="1.36"/>
  <testcase classname="automation.LandingPageMultipleModules" name="CheckBackgroundImage" time="0.093"/>
  <testcase classname="automation.LandingPageMultipleModules" name="checkMultipleRoleTitle" time="0.096"/>
  <testcase classname="automation.LandingPageMultipleModules" name="CheckMultipleRolePage_Subtitle" time="0.087"/>
  <testcase classname="automation.LandingPageMultipleModules" name="clickNextButtonOn_MultipleRolePage" time="1.054"/>
  <testcase classname="automation.LandingPageMultipleModules" name="swipeLeftToMultiple_rope_page" time="2.559"/>
  <testcase classname="automation.LandingPageMultipleModules" name="skipButtonTest" time="4.283"/>
</testsuite> <!-- Landing page multiple role page tests -->
