<?xml version="1.0" encoding="UTF-8"?>
<!-- Generated by org.testng.reporters.JUnitXMLReporter -->
<testsuite ignored="0" hostname="DESKTOP-6CE6M82" failures="0" tests="7" name="Landing page secured communication page tests" time="36.741" errors="0" timestamp="2024-07-26T19:13:58 IST">
  <testcase classname="automation.LandingPageSecuredCommunication_page" name="launchApp" time="3.18"/>
  <testcase classname="automation.LandingPageSecuredCommunication_page" name="goToSecuredCommunication_page" time="4.49"/>
  <testcase classname="automation.LandingPageSecuredCommunication_page" name="checkSecuredCommunication_title" time="0.117"/>
  <testcase classname="automation.LandingPageSecuredCommunication_page" name="checkSecuredPageSubtitle" time="2.156"/>
  <testcase classname="automation.LandingPageSecuredCommunication_page" name="clickNextButtonOn_securedCommunication" time="3.051"/>
  <testcase classname="automation.LandingPageSecuredCommunication_page" name="swipeleftAndCheckSecuredCommunicationPage" time="4.526"/>
  <testcase classname="automation.LandingPageSecuredCommunication_page" name="checkSkipButton_onSecuredCommunication" time="4.263"/>
</testsuite> <!-- Landing page secured communication page tests -->
