<?xml version="1.0" encoding="UTF-8"?>
<!-- Generated by org.testng.reporters.JUnitXMLReporter -->
<testsuite ignored="0" hostname="DESKTOP-6CE6M82" failures="0" tests="5" name="Landing page notification and time table page" time="28.707" errors="0" timestamp="2024-07-26T19:14:27 IST">
  <testcase classname="automation.LandingPageNotificationAndTimeTable" name="launchapp" time="7.564"/>
  <testcase classname="automation.LandingPageNotificationAndTimeTable" name="checkNotificationAndTimeTable_title" time="3.166"/>
  <testcase classname="automation.LandingPageNotificationAndTimeTable" name="checkNotificationAndTimeTable_subtitle" time="0.293"/>
  <testcase classname="automation.LandingPageNotificationAndTimeTable" name="checkStartButtonText" time="0.115"/>
  <testcase classname="automation.LandingPageNotificationAndTimeTable" name="clickStartButton_AndSignUpPage" time="2.257"/>
</testsuite> <!-- Landing page notification and time table page -->
