<?xml version="1.0" encoding="UTF-8"?>
<!-- Generated by org.testng.reporters.JUnitXMLReporter -->
<testsuite ignored="0" hostname="DESKTOP-6CE6M82" failures="0" tests="7" name="Landing Page Tests" time="30.698" errors="0" timestamp="2024-07-26T19:12:52 IST">
  <testcase classname="automation.LandingPageTestsHierarchy" name="app_open" time="5.173"/>
  <testcase classname="automation.LandingPageTestsHierarchy" name="checkBackgroundImage" time="0.522"/>
  <testcase classname="automation.LandingPageTestsHierarchy" name="hierarchy_tab" time="0.06"/>
  <testcase classname="automation.LandingPageTestsHierarchy" name="checkHiearchy_page_content" time="0.105"/>
  <testcase classname="automation.LandingPageTestsHierarchy" name="nextButton_clickableOrNot" time="3.01"/>
  <testcase classname="automation.LandingPageTestsHierarchy" name="SwipeleftToHierarchyPage" time="2.335"/>
  <testcase classname="automation.LandingPageTestsHierarchy" name="skip_button_click_test" time="4.236"/>
</testsuite> <!-- Landing Page Tests -->
